2025-02-27 16:17:37,050 - INFO - Created download folder: tax_documents\2025-02-27
2025-02-27 16:17:37,051 - INFO - Starting UAE Tax Authority document scraper
2025-02-27 16:17:37,051 - INFO - Fetching content from https://tax.gov.ae/en/legislation.aspx
2025-02-27 16:17:43,051 - INFO - No documents found for today.
2025-02-27 16:17:43,052 - INFO - Scraping completed. Downloaded 0 documents.
2025-02-27 16:18:02,205 - INFO - Targeting documents published on: Feb 27, 2025
2025-02-27 16:18:02,205 - INFO - Starting UAE Tax Authority document scraper for date: Feb 27, 2025
2025-02-27 16:18:02,206 - INFO - Fetching content from https://tax.gov.ae/en/legislation.aspx
2025-02-27 16:18:09,063 - INFO - No documents found for the date: Feb 27, 2025
2025-02-27 16:18:09,063 - INFO - Scraping completed. Downloaded 0 documents published on Feb 27, 2025.
2025-02-27 18:11:24,147 - INFO - Starting UAE Tax Authority document scraper
2025-02-27 18:11:24,149 - INFO - Fetching content from https://tax.gov.ae/en/legislation.aspx
2025-02-27 18:11:27,715 - INFO - No documents found for today.
2025-02-27 18:11:27,715 - INFO - Scraping completed. Downloaded 0 documents.
2025-03-03 20:16:46,534 - INFO - Created download folder: tax_documents\2025-03-03
2025-03-03 20:16:46,536 - INFO - Starting UAE Tax Authority document scraper
2025-03-03 20:16:46,536 - INFO - Fetching content from https://tax.gov.ae/en/legislation.aspx
2025-03-03 20:16:49,795 - INFO - Found document published today: FTA Decision No. 2 of 2025 on FTA Policy for Issuance of Clarifications and Directives
2025-03-03 20:16:49,797 - INFO - Attempting to download 1 documents
2025-03-03 20:16:51,993 - INFO - Downloaded: FTA-Decision-No-2-of-2025.pdf
2025-03-03 20:16:51,994 - INFO - Scraping completed. Downloaded 1 documents.
2025-03-05 12:26:42,307 - INFO - Created download folder: tax_documents\2025-03-05
2025-03-05 12:26:42,309 - INFO - Starting UAE Tax Authority document scraper
2025-03-05 12:26:42,309 - INFO - Fetching content from https://tax.gov.ae/en/legislation.aspx
2025-03-05 12:26:46,789 - INFO - No documents found for today.
2025-03-05 12:26:46,789 - INFO - Scraping completed. Downloaded 0 documents.
2025-03-10 13:20:06,628 - INFO - Created download folder: tax_documents\2025-03-10
2025-03-10 13:20:06,630 - INFO - Starting UAE Tax Authority document scraper
2025-03-10 13:20:06,630 - INFO - Fetching content from https://tax.gov.ae/en/legislation.aspx
2025-03-10 13:20:09,468 - INFO - No documents found for today.
2025-03-10 13:20:09,468 - INFO - Scraping completed. Downloaded 0 documents.
2025-03-10 13:20:42,002 - INFO - Targeting documents published on: Mar 10, 2025
2025-03-10 13:20:42,002 - INFO - Starting UAE Tax Authority document scraper for date: Mar 10, 2025
2025-03-10 13:20:42,002 - INFO - Fetching content from https://tax.gov.ae/en/legislation.aspx
2025-03-10 13:20:46,210 - INFO - No documents found for the date: Mar 10, 2025
2025-03-10 13:20:46,210 - INFO - Scraping completed. Downloaded 0 documents published on Mar 10, 2025.
2025-03-10 13:23:34,407 - INFO - Targeting documents published on: Mar 10, 2025
2025-03-10 13:23:34,408 - INFO - Starting UAE Tax Authority document scraper for date: Mar 10, 2025
2025-03-10 13:23:34,408 - INFO - Fetching content from https://tax.gov.ae/en/legislation.aspx
2025-03-10 13:23:37,407 - INFO - No documents found for the date: Mar 10, 2025
2025-03-10 13:23:37,407 - INFO - Scraping completed. Downloaded 0 documents published on Mar 10, 2025.
2025-03-10 13:23:45,530 - INFO - Starting UAE Tax Authority document scraper
2025-03-10 13:23:45,530 - INFO - Fetching content from https://tax.gov.ae/en/legislation.aspx
2025-03-10 13:23:49,319 - INFO - No documents found for today.
2025-03-10 13:23:49,320 - INFO - Scraping completed. Downloaded 0 documents.
2025-03-10 13:26:10,435 - INFO - Targeting documents published on: Mar 10, 2025
2025-03-10 13:26:10,435 - INFO - Starting UAE Tax Authority document scraper for date: Mar 10, 2025
2025-03-10 13:26:10,435 - INFO - Fetching content from https://tax.gov.ae/en/legislation.aspx
2025-03-10 13:26:13,962 - INFO - No documents found for the date: Mar 10, 2025
2025-03-10 13:26:13,962 - INFO - Scraping completed. Downloaded 0 documents published on Mar 10, 2025.
